
    __        __   _                            _        
    \ \      / /__| | ___ ___  _ __ ___   ___  | |_ ___  
     \ \ /\ / / _ \ |/ __/ _ \| '_ ` _ \ / _ \ | __/ _ \ 
      \ V  V /  __/ | (_| (_) | | | | | |  __/ | || (_) |
       \_/\_/ \___|_|\___\___/|_| |_| |_|\___|  \__\___/ 
                                    ____ ____  __  __ 
                       _ __  _   _ / ___/ ___||  \/  |
                      | '_ \| | | | |  _\___ \| |\/| |
                      | |_) | |_| | |_| |___) | |  | |
                      | .__/ \__, |\____|____/|_|  |_|
                      |_|    |___/                    
#==========================================================================#
#| If this code has benefited your research, please support us by citing: |#
#|                                                                        |# 
#| Aldaz, C.; Kammeraad J. A.; Zimmerman P. M. "Discovery of conical      |#
#| intersection mediated photochemistry with growing string methods",     |#
#| Phys. Chem. Chem. Phys., 2018, 20, 27394                               |#
#| http://dx.doi.org/10.1039/c8cp04703k                                   |#
#|                                                                        |# 
#| Wang, L.-P.; Song, C.C. (2016) "Geometry optimization made simple with |#
#| translation and rotation coordinates", J. Chem, Phys. 144, 214108.     |#
#| http://dx.doi.org/10.1063/1.4952956                                    |#
#==========================================================================#


    
 Using 1 processors
#========================================================#
#| [92m              Parsed GSM Keys : Values              [0m |#
#========================================================#
ADD_NODE_TOL              0.01 
BDIST_RATIO               0.5 
CONV_TOL                  1e-06 
DMAX                      0.1 
DQMAG_MAX                 0.8 
EST_Package               ase 
ID                        0 
PES_type                  PES 
adiabatic_index           [0] 
charge                    0 
conv_Ediff                100.0 
conv_dE                   1.0 
conv_gmax                 100.0 
coordinate_type           TRIC 
dont_analyze_ICs          True 
growth_direction          0 
gsm_print_level           1 
gsm_type                  DE_GSM 
interp_method             DLC 
linesearch                NoLineSearch 
max_gsm_iters             10000 
mp_cores                  4 
multiplicity              [1] 
no_climb                  False 
nproc                     1 
num_nodes                 11 
only_climb                False 
only_drive                False 
opt_print_level           1 
optimize_meci             False 
optimize_mesx             False 
optimizer                 eigenvector_follow 
product_geom_fixed        False 
reactant_geom_fixed       False 
reparametrize             False 
restart_file              opt_converged_000.xyz 
sigma                     1.0 
start_climb_immediately   False 
xTB_Hamiltonian           GFN2-xTB 
xTB_accuracy              1.0 
xTB_electronic_temperature 300.0 
xyz_output_format         molden 
xyzfile                   conf_continue.xyz 
----------------------------------------------------------
6
#========================================================#
#| [92m     Build the ase level of theory (LOT) object     [0m |#
#========================================================#
Found model file: /scratch/user/nchopper/miniconda/miniconda3/envs/gsm_runner_testing/lib/python3.10/site-packages/aimnet2calc/assets/aimnet2/aimnet2_wb97m_0.jpt
 initializing LOT from geom
 making folder scratch/000/0
#========================================================#
#| [92m              Building the PES objects              [0m |#
#========================================================#
#========================================================#
#| [92m       Building the reactant object with TRIC       [0m |#
#========================================================#
#========================================================#
#| [92m               Building the topology                [0m |#
#========================================================#
#========================================================#
#| [92m                   building bonds                   [0m |#
#========================================================#
None
 In build bonds
#========================================================#
#| [92m                   building bonds                   [0m |#
#========================================================#
None
 In build bonds
#========================================================#
#| [92m      Building Primitive Internal Coordinates       [0m |#
#========================================================#
 Creating block info
 number of primitive blocks is  1
 Done creating block info,
 Now Making Primitives by block
 Done making primitives
 Made a total of 121 primitives
 num blocks  1
 num prim blocks  1
 done making primitives
 Creating block info
 number of primitive blocks is  1
 Done creating block info,
 Now Making Primitives by block
 Done making primitives
 Made a total of 121 primitives
 num blocks  1
 num prim blocks  1
 done making primitives p1
#========================================================#
#| [92m     Building Primitive Internal Coordinates 2      [0m |#
#========================================================#
 Creating block info
 number of primitive blocks is  1
 Done creating block info,
 Now Making Primitives by block
 Done making primitives
 Made a total of 121 primitives
 num blocks  1
 num prim blocks  1
 done making primitives
 Creating block info
 number of primitive blocks is  1
 Done creating block info,
 Now Making Primitives by block
 Done making primitives
 Made a total of 121 primitives
 num blocks  1
 num prim blocks  1
 done making primitives p2
#========================================================#
#| [92m            Forming Union of Primitives             [0m |#
#========================================================#
 Number of primitives before 121
Adding prim Out-of-Plane 1-2-5-9 that is in Other to Internals
Adding prim Out-of-Plane 4-3-8-9 that is in Other to Internals
Adding prim Out-of-Plane 12-13-14-15 that is in Other to Internals
Adding prim Out-of-Plane 13-12-16-17 that is in Other to Internals
 Number of primitives after 125
check 125
#========================================================#
#| [92m     Building Delocalized Internal Coordinates      [0m |#
#========================================================#
 setting primitives from options!
 num of primitives 125
 Time to copy prims 0.003
 Timings: Build G: 0.016 Eig: 0.002
#========================================================#
#| [92m               Building the reactant                [0m |#
#========================================================#
 getting cartesian coordinates from geom
 Time to get coords= 0.000
 initializing LOT from geom
 making folder scratch/000/0
 Time to create PES,elements 0.003
 getting coord_object from options
 Time  to build coordinate system= 0.000
 making primitive Hessian
 Time to build Prim Hessian 0.000
 forming Hessian in basis
 molecule constructed
#========================================================#
#| [92m            Building the product object             [0m |#
#========================================================#
 Copying from MoleculA 0
 initializing LOT from geom
 making folder scratch/000/10
 setting primitives from options!
 num of primitives 125
 Time to copy prims 0.002
 Timings: Build G: 0.016 Eig: 0.001
 getting cartesian coordinates from geom
 Time to get coords= 0.000
 initializing LOT from geom
 making folder scratch/000/10
 Time to create PES,elements 0.002
 getting coord_object from options
 Time  to build coordinate system= 0.000
 molecule constructed
#========================================================#
#| [92m           Building the Optimizer object            [0m |#
#========================================================#
#========================================================#
#| [92m              Building the GSM object               [0m |#
#========================================================#
 gaddmax: 0.01
 Copying from MoleculA 0
 initializing LOT from geom
 making folder scratch/000/1
 setting primitives from options!
 num of primitives 125
 Time to copy prims 0.002
 Timings: Build G: 0.016 Eig: 0.001
 getting cartesian coordinates from geom
 Time to get coords= 0.000
 initializing LOT from geom
 making folder scratch/000/1
 Time to create PES,elements 0.002
 getting coord_object from options
 Time  to build coordinate system= 0.000
 molecule constructed
 Assuming primitives are union!
 number of primitives is 125
#========================================================#
#| [92m     REACTANT GEOMETRY NOT FIXED!!! OPTIMIZING      [0m |#
#========================================================#
 initial E 0.0000
 CONV_TOL 0.00050
 updating coord basis
 Timings: Build G: 0.014 Eig: 0.001
 On opt step 1 for node 0
 evaluate fx in linesearch
 Decreasing DMAX to 0.0023050315173577507
 dEstep=-0.0022
 Node: 0 Opt step: 1 E: -0.0022 predE: -0.0024 ratio: 0.942 gradrms: 0.00027 ss: 0.002 DMAX: 0.002
 gmax 0.0013 disp 0.0013 Ediff -0.0022 gradrms 0.0003

 converged
 opt-summary 0
 Node: 0 Opt step: 1 E: -0.0022 predE: -0.0024 ratio: 0.942 gradrms: 0.00027 ss: 0.002 DMAX: 0.002

#========================================================#
#| [92m      PRODUCT GEOMETRY NOT FIXED!!! OPTIMIZING      [0m |#
#========================================================#
 initial E 26.5196
 CONV_TOL 0.00050
 updating coord basis
 Timings: Build G: 0.014 Eig: 0.001
 On opt step 1 for node 10
 evaluate fx in linesearch
 Decreasing DMAX to 0.0006333412091960495
 dEstep=-0.0003
 Node: 10 Opt step: 1 E: 26.5193 predE: -0.0001 ratio: 2.169 gradrms: 0.00006 ss: 0.001 DMAX: 0.001
 gmax 0.0002 disp 0.0007 Ediff -0.0003 gradrms 0.0001

 converged
 opt-summary 10
 Node: 10 Opt step: 1 E: 26.5193 predE: -0.0001 ratio: 2.169 gradrms: 0.00006 ss: 0.001 DMAX: 0.001

#========================================================#
#| [92m           Restarting GSM from geometries           [0m |#
#========================================================#
need to interpolate
